<?xml version="1.0" encoding="utf-8"?><testsuites name="pytest tests"><testsuite name="pytest" errors="0" failures="0" skipped="0" tests="13" time="3.101" timestamp="2026-07-30T09:47:06.867783+00:00" hostname="agent-env-9e932a17-775e-449f-add8-b0357700f137"><testcase classname="tests.test_products_enhanced.TestAuth" name="test_login_success" time="0.359" /><testcase classname="tests.test_products_enhanced.TestCategories" name="test_get_categories" time="0.373" /><testcase classname="tests.test_products_enhanced.TestProductsEnhanced" name="test_get_products_new_fields" time="0.211" /><testcase classname="tests.test_products_enhanced.TestProductsEnhanced" name="test_create_product_with_new_fields" time="0.217" /><testcase classname="tests.test_products_enhanced.TestProductsEnhanced" name="test_create_product_without_optional_fields" time="0.240" /><testcase classname="tests.test_products_enhanced.TestProductsEnhanced" name="test_update_product_new_fields" time="0.273" /><testcase classname="tests.test_products_enhanced.TestProductsEnhanced" name="test_delete_product" time="0.235" /><testcase classname="tests.test_products_enhanced.TestProductsEnhanced" name="test_search_by_barcode" time="0.102" /><testcase classname="tests.test_products_enhanced.TestDashboardLowStock" name="test_low_stock_respects_per_product_threshold" time="0.556" /><testcase classname="tests.test_products_enhanced.TestSalesAndReports" name="test_create_sale" time="0.255" /><testcase classname="tests.test_products_enhanced.TestSalesAndReports" name="test_daily_sales_report" time="0.107" /><testcase classname="tests.test_products_enhanced.TestSalesAndReports" name="test_monthly_sales_report" time="0.064" /><testcase classname="tests.test_products_enhanced.TestSalesAndReports" name="test_top_products_report" time="0.063" /></testsuite></testsuites>