<?xml version="1.0" encoding="utf-8"?><testsuites name="pytest tests"><testsuite name="pytest" errors="0" failures="0" skipped="0" tests="14" time="5.663" timestamp="2026-07-30T10:06:24.133353+00:00" hostname="agent-env-9e932a17-775e-449f-add8-b0357700f137"><testcase classname="tests.test_inventory_sync.TestSaleCreation" name="test_valid_sale_decreases_stock" time="1.079" /><testcase classname="tests.test_inventory_sync.TestSaleCreation" name="test_insufficient_stock" time="0.260" /><testcase classname="tests.test_inventory_sync.TestSaleCreation" name="test_nonexistent_product" time="0.086" /><testcase classname="tests.test_inventory_sync.TestSaleCreation" name="test_zero_quantity" time="0.308" /><testcase classname="tests.test_inventory_sync.TestSaleCreation" name="test_negative_quantity" time="0.267" /><testcase classname="tests.test_inventory_sync.TestSaleCreation" name="test_invalid_payment_method" time="0.225" /><testcase classname="tests.test_inventory_sync.TestSaleCreation" name="test_malformed_product_id" time="0.066" /><testcase classname="tests.test_inventory_sync.TestSalesHistory" name="test_sales_history_includes_all_fields" time="0.304" /><testcase classname="tests.test_inventory_sync.TestInventoryMovements" name="test_movement_recorded_on_sale" time="0.254" /><testcase classname="tests.test_inventory_sync.TestInventoryMovements" name="test_movements_filter_and_sort" time="0.917" /><testcase classname="tests.test_inventory_sync.TestLowStockEndpoint" name="test_low_stock_endpoint" time="0.508" /><testcase classname="tests.test_inventory_sync.TestDashboardIntegration" name="test_dashboard_low_stock_products" time="0.470" /><testcase classname="tests.test_inventory_sync.TestDashboardIntegration" name="test_sale_drops_product_to_low_stock" time="0.430" /><testcase classname="tests.test_inventory_sync.TestConcurrency" name="test_no_oversell_under_concurrent_sales" time="0.409" /></testsuite></testsuites>